<?xml version="1.0" encoding="UTF-8"?>
<testsuite xmlns:xsi="http://www.w3.org/2001/XMLSchema-instance" xsi:noNamespaceSchemaLocation="https://maven.apache.org/surefire/maven-surefire-plugin/xsd/surefire-test-report.xsd" name="cn.org.chenxh.Test" time="0" tests="1" errors="0" skipped="1" failures="0">
  <properties>
    <property name="sun.desktop" value="windows"/>
    <property name="awt.toolkit" value="sun.awt.windows.WToolkit"/>
    <property name="file.encoding.pkg" value="sun.io"/>
    <property name="java.specification.version" value="1.8"/>
    <property name="sun.cpu.isalist" value="amd64"/>
    <property name="sun.jnu.encoding" value="GBK"/>
    <property name="java.class.path" value="E:\myProject\pfms-master\pfms-master\target\test-classes;E:\myProject\pfms-master\pfms-master\target\classes;D:\mavnenRepository\org\springframework\boot\spring-boot-starter-web\2.0.1.RELEASE\spring-boot-starter-web-2.0.1.RELEASE.jar;D:\mavnenRepository\org\springframework\boot\spring-boot-starter\2.0.1.RELEASE\spring-boot-starter-2.0.1.RELEASE.jar;D:\mavnenRepository\org\springframework\boot\spring-boot-starter-logging\2.0.1.RELEASE\spring-boot-starter-logging-2.0.1.RELEASE.jar;D:\mavnenRepository\ch\qos\logback\logback-classic\1.2.3\logback-classic-1.2.3.jar;D:\mavnenRepository\ch\qos\logback\logback-core\1.2.3\logback-core-1.2.3.jar;D:\mavnenRepository\org\apache\logging\log4j\log4j-to-slf4j\2.10.0\log4j-to-slf4j-2.10.0.jar;D:\mavnenRepository\org\apache\logging\log4j\log4j-api\2.10.0\log4j-api-2.10.0.jar;D:\mavnenRepository\org\slf4j\jul-to-slf4j\1.7.25\jul-to-slf4j-1.7.25.jar;D:\mavnenRepository\org\yaml\snakeyaml\1.19\snakeyaml-1.19.jar;D:\mavnenRepository\org\springframework\boot\spring-boot-starter-json\2.0.1.RELEASE\spring-boot-starter-json-2.0.1.RELEASE.jar;D:\mavnenRepository\com\fasterxml\jackson\core\jackson-databind\2.9.5\jackson-databind-2.9.5.jar;D:\mavnenRepository\com\fasterxml\jackson\core\jackson-annotations\2.9.0\jackson-annotations-2.9.0.jar;D:\mavnenRepository\com\fasterxml\jackson\core\jackson-core\2.9.5\jackson-core-2.9.5.jar;D:\mavnenRepository\com\fasterxml\jackson\datatype\jackson-datatype-jdk8\2.9.5\jackson-datatype-jdk8-2.9.5.jar;D:\mavnenRepository\com\fasterxml\jackson\datatype\jackson-datatype-jsr310\2.9.5\jackson-datatype-jsr310-2.9.5.jar;D:\mavnenRepository\com\fasterxml\jackson\module\jackson-module-parameter-names\2.9.5\jackson-module-parameter-names-2.9.5.jar;D:\mavnenRepository\org\hibernate\validator\hibernate-validator\6.0.9.Final\hibernate-validator-6.0.9.Final.jar;D:\mavnenRepository\javax\validation\validation-api\2.0.1.Final\validation-api-2.0.1.Final.jar;D:\mavnenRepository\org\jboss\logging\jboss-logging\3.3.2.Final\jboss-logging-3.3.2.Final.jar;D:\mavnenRepository\com\fasterxml\classmate\1.3.4\classmate-1.3.4.jar;D:\mavnenRepository\org\springframework\spring-web\5.0.5.RELEASE\spring-web-5.0.5.RELEASE.jar;D:\mavnenRepository\org\springframework\spring-beans\5.0.5.RELEASE\spring-beans-5.0.5.RELEASE.jar;D:\mavnenRepository\org\springframework\spring-webmvc\5.0.5.RELEASE\spring-webmvc-5.0.5.RELEASE.jar;D:\mavnenRepository\org\springframework\spring-context\5.0.5.RELEASE\spring-context-5.0.5.RELEASE.jar;D:\mavnenRepository\org\springframework\spring-expression\5.0.5.RELEASE\spring-expression-5.0.5.RELEASE.jar;D:\mavnenRepository\org\springframework\boot\spring-boot-devtools\2.0.1.RELEASE\spring-boot-devtools-2.0.1.RELEASE.jar;D:\mavnenRepository\org\springframework\boot\spring-boot\2.0.1.RELEASE\spring-boot-2.0.1.RELEASE.jar;D:\mavnenRepository\org\springframework\boot\spring-boot-autoconfigure\2.0.1.RELEASE\spring-boot-autoconfigure-2.0.1.RELEASE.jar;D:\mavnenRepository\org\springframework\boot\spring-boot-starter-test\2.0.1.RELEASE\spring-boot-starter-test-2.0.1.RELEASE.jar;D:\mavnenRepository\org\springframework\boot\spring-boot-test\2.0.1.RELEASE\spring-boot-test-2.0.1.RELEASE.jar;D:\mavnenRepository\org\springframework\boot\spring-boot-test-autoconfigure\2.0.1.RELEASE\spring-boot-test-autoconfigure-2.0.1.RELEASE.jar;D:\mavnenRepository\com\jayway\jsonpath\json-path\2.4.0\json-path-2.4.0.jar;D:\mavnenRepository\net\minidev\json-smart\2.3\json-smart-2.3.jar;D:\mavnenRepository\net\minidev\accessors-smart\1.2\accessors-smart-1.2.jar;D:\mavnenRepository\org\ow2\asm\asm\5.0.4\asm-5.0.4.jar;D:\mavnenRepository\org\slf4j\slf4j-api\1.7.25\slf4j-api-1.7.25.jar;D:\mavnenRepository\junit\junit\4.12\junit-4.12.jar;D:\mavnenRepository\org\assertj\assertj-core\3.9.1\assertj-core-3.9.1.jar;D:\mavnenRepository\org\mockito\mockito-core\2.15.0\mockito-core-2.15.0.jar;D:\mavnenRepository\net\bytebuddy\byte-buddy\1.7.11\byte-buddy-1.7.11.jar;D:\mavnenRepository\net\bytebuddy\byte-buddy-agent\1.7.11\byte-buddy-agent-1.7.11.jar;D:\mavnenRepository\org\objenesis\objenesis\2.6\objenesis-2.6.jar;D:\mavnenRepository\org\hamcrest\hamcrest-core\1.3\hamcrest-core-1.3.jar;D:\mavnenRepository\org\hamcrest\hamcrest-library\1.3\hamcrest-library-1.3.jar;D:\mavnenRepository\org\skyscreamer\jsonassert\1.5.0\jsonassert-1.5.0.jar;D:\mavnenRepository\com\vaadin\external\google\android-json\0.0.20131108.vaadin1\android-json-0.0.20131108.vaadin1.jar;D:\mavnenRepository\org\springframework\spring-core\5.0.5.RELEASE\spring-core-5.0.5.RELEASE.jar;D:\mavnenRepository\org\springframework\spring-jcl\5.0.5.RELEASE\spring-jcl-5.0.5.RELEASE.jar;D:\mavnenRepository\org\springframework\spring-test\5.0.5.RELEASE\spring-test-5.0.5.RELEASE.jar;D:\mavnenRepository\org\xmlunit\xmlunit-core\2.5.1\xmlunit-core-2.5.1.jar;D:\mavnenRepository\org\springframework\boot\spring-boot-starter-data-jpa\2.1.3.RELEASE\spring-boot-starter-data-jpa-2.1.3.RELEASE.jar;D:\mavnenRepository\org\springframework\boot\spring-boot-starter-jdbc\2.0.1.RELEASE\spring-boot-starter-jdbc-2.0.1.RELEASE.jar;D:\mavnenRepository\com\zaxxer\HikariCP\2.7.8\HikariCP-2.7.8.jar;D:\mavnenRepository\org\springframework\spring-jdbc\5.0.5.RELEASE\spring-jdbc-5.0.5.RELEASE.jar;D:\mavnenRepository\javax\transaction\javax.transaction-api\1.2\javax.transaction-api-1.2.jar;D:\mavnenRepository\javax\xml\bind\jaxb-api\2.3.0\jaxb-api-2.3.0.jar;D:\mavnenRepository\org\hibernate\hibernate-core\5.2.16.Final\hibernate-core-5.2.16.Final.jar;D:\mavnenRepository\org\hibernate\javax\persistence\hibernate-jpa-2.1-api\1.0.0.Final\hibernate-jpa-2.1-api-1.0.0.Final.jar;D:\mavnenRepository\org\javassist\javassist\3.22.0-GA\javassist-3.22.0-GA.jar;D:\mavnenRepository\antlr\antlr\2.7.7\antlr-2.7.7.jar;D:\mavnenRepository\org\jboss\jandex\2.0.3.Final\jandex-2.0.3.Final.jar;D:\mavnenRepository\dom4j\dom4j\1.6.1\dom4j-1.6.1.jar;D:\mavnenRepository\org\hibernate\common\hibernate-commons-annotations\5.0.1.Final\hibernate-commons-annotations-5.0.1.Final.jar;D:\mavnenRepository\org\springframework\data\spring-data-jpa\2.0.6.RELEASE\spring-data-jpa-2.0.6.RELEASE.jar;D:\mavnenRepository\org\springframework\data\spring-data-commons\2.0.6.RELEASE\spring-data-commons-2.0.6.RELEASE.jar;D:\mavnenRepository\org\springframework\spring-orm\5.0.5.RELEASE\spring-orm-5.0.5.RELEASE.jar;D:\mavnenRepository\org\springframework\spring-tx\5.0.5.RELEASE\spring-tx-5.0.5.RELEASE.jar;D:\mavnenRepository\org\springframework\spring-aspects\5.0.5.RELEASE\spring-aspects-5.0.5.RELEASE.jar;D:\mavnenRepository\com\h2database\h2\1.4.197\h2-1.4.197.jar;D:\mavnenRepository\org\projectlombok\lombok\1.16.20\lombok-1.16.20.jar;D:\mavnenRepository\net\coobird\thumbnailator\0.4.8\thumbnailator-0.4.8.jar;D:\mavnenRepository\org\apache\tika\tika-core\1.20\tika-core-1.20.jar;D:\mavnenRepository\org\springframework\boot\spring-boot-starter-aop\2.0.1.RELEASE\spring-boot-starter-aop-2.0.1.RELEASE.jar;D:\mavnenRepository\org\springframework\spring-aop\5.0.5.RELEASE\spring-aop-5.0.5.RELEASE.jar;D:\mavnenRepository\org\aspectj\aspectjweaver\1.8.13\aspectjweaver-1.8.13.jar;D:\mavnenRepository\org\springframework\boot\spring-boot-starter-thymeleaf\2.0.1.RELEASE\spring-boot-starter-thymeleaf-2.0.1.RELEASE.jar;D:\mavnenRepository\org\thymeleaf\thymeleaf-spring5\3.0.9.RELEASE\thymeleaf-spring5-3.0.9.RELEASE.jar;D:\mavnenRepository\org\thymeleaf\thymeleaf\3.0.9.RELEASE\thymeleaf-3.0.9.RELEASE.jar;D:\mavnenRepository\org\attoparser\attoparser\2.0.4.RELEASE\attoparser-2.0.4.RELEASE.jar;D:\mavnenRepository\org\unbescape\unbescape\1.1.5.RELEASE\unbescape-1.1.5.RELEASE.jar;D:\mavnenRepository\org\thymeleaf\extras\thymeleaf-extras-java8time\3.0.1.RELEASE\thymeleaf-extras-java8time-3.0.1.RELEASE.jar;D:\mavnenRepository\org\apache\commons\commons-lang3\3.1\commons-lang3-3.1.jar;D:\mavnenRepository\org\springframework\boot\spring-boot-starter-tomcat\2.0.1.RELEASE\spring-boot-starter-tomcat-2.0.1.RELEASE.jar;D:\mavnenRepository\javax\annotation\javax.annotation-api\1.3.2\javax.annotation-api-1.3.2.jar;D:\mavnenRepository\org\apache\tomcat\embed\tomcat-embed-core\8.5.29\tomcat-embed-core-8.5.29.jar;D:\mavnenRepository\org\apache\tomcat\embed\tomcat-embed-el\8.5.29\tomcat-embed-el-8.5.29.jar;D:\mavnenRepository\org\apache\tomcat\embed\tomcat-embed-websocket\8.5.29\tomcat-embed-websocket-8.5.29.jar;"/>
    <property name="java.vm.vendor" value="Oracle Corporation"/>
    <property name="sun.arch.data.model" value="64"/>
    <property name="user.variant" value=""/>
    <property name="java.vendor.url" value="http://java.oracle.com/"/>
    <property name="user.timezone" value=""/>
    <property name="java.vm.specification.version" value="1.8"/>
    <property name="os.name" value="Windows 10"/>
    <property name="user.country" value="CN"/>
    <property name="sun.java.launcher" value="SUN_STANDARD"/>
    <property name="sun.boot.library.path" value="C:\Program Files\Java\jdk1.8.0_161\jre\bin"/>
    <property name="sun.java.command" value="C:\Users\admin\AppData\Local\Temp\surefire1158501594687056260\surefirebooter9136815352267985863.jar C:\Users\admin\AppData\Local\Temp\surefire1158501594687056260 2020-12-14T12-23-01_222-jvmRun1 surefire1404598017320929024tmp surefire_07263673901785884143tmp"/>
    <property name="surefire.test.class.path" value="E:\myProject\pfms-master\pfms-master\target\test-classes;E:\myProject\pfms-master\pfms-master\target\classes;D:\mavnenRepository\org\springframework\boot\spring-boot-starter-web\2.0.1.RELEASE\spring-boot-starter-web-2.0.1.RELEASE.jar;D:\mavnenRepository\org\springframework\boot\spring-boot-starter\2.0.1.RELEASE\spring-boot-starter-2.0.1.RELEASE.jar;D:\mavnenRepository\org\springframework\boot\spring-boot-starter-logging\2.0.1.RELEASE\spring-boot-starter-logging-2.0.1.RELEASE.jar;D:\mavnenRepository\ch\qos\logback\logback-classic\1.2.3\logback-classic-1.2.3.jar;D:\mavnenRepository\ch\qos\logback\logback-core\1.2.3\logback-core-1.2.3.jar;D:\mavnenRepository\org\apache\logging\log4j\log4j-to-slf4j\2.10.0\log4j-to-slf4j-2.10.0.jar;D:\mavnenRepository\org\apache\logging\log4j\log4j-api\2.10.0\log4j-api-2.10.0.jar;D:\mavnenRepository\org\slf4j\jul-to-slf4j\1.7.25\jul-to-slf4j-1.7.25.jar;D:\mavnenRepository\org\yaml\snakeyaml\1.19\snakeyaml-1.19.jar;D:\mavnenRepository\org\springframework\boot\spring-boot-starter-json\2.0.1.RELEASE\spring-boot-starter-json-2.0.1.RELEASE.jar;D:\mavnenRepository\com\fasterxml\jackson\core\jackson-databind\2.9.5\jackson-databind-2.9.5.jar;D:\mavnenRepository\com\fasterxml\jackson\core\jackson-annotations\2.9.0\jackson-annotations-2.9.0.jar;D:\mavnenRepository\com\fasterxml\jackson\core\jackson-core\2.9.5\jackson-core-2.9.5.jar;D:\mavnenRepository\com\fasterxml\jackson\datatype\jackson-datatype-jdk8\2.9.5\jackson-datatype-jdk8-2.9.5.jar;D:\mavnenRepository\com\fasterxml\jackson\datatype\jackson-datatype-jsr310\2.9.5\jackson-datatype-jsr310-2.9.5.jar;D:\mavnenRepository\com\fasterxml\jackson\module\jackson-module-parameter-names\2.9.5\jackson-module-parameter-names-2.9.5.jar;D:\mavnenRepository\org\hibernate\validator\hibernate-validator\6.0.9.Final\hibernate-validator-6.0.9.Final.jar;D:\mavnenRepository\javax\validation\validation-api\2.0.1.Final\validation-api-2.0.1.Final.jar;D:\mavnenRepository\org\jboss\logging\jboss-logging\3.3.2.Final\jboss-logging-3.3.2.Final.jar;D:\mavnenRepository\com\fasterxml\classmate\1.3.4\classmate-1.3.4.jar;D:\mavnenRepository\org\springframework\spring-web\5.0.5.RELEASE\spring-web-5.0.5.RELEASE.jar;D:\mavnenRepository\org\springframework\spring-beans\5.0.5.RELEASE\spring-beans-5.0.5.RELEASE.jar;D:\mavnenRepository\org\springframework\spring-webmvc\5.0.5.RELEASE\spring-webmvc-5.0.5.RELEASE.jar;D:\mavnenRepository\org\springframework\spring-context\5.0.5.RELEASE\spring-context-5.0.5.RELEASE.jar;D:\mavnenRepository\org\springframework\spring-expression\5.0.5.RELEASE\spring-expression-5.0.5.RELEASE.jar;D:\mavnenRepository\org\springframework\boot\spring-boot-devtools\2.0.1.RELEASE\spring-boot-devtools-2.0.1.RELEASE.jar;D:\mavnenRepository\org\springframework\boot\spring-boot\2.0.1.RELEASE\spring-boot-2.0.1.RELEASE.jar;D:\mavnenRepository\org\springframework\boot\spring-boot-autoconfigure\2.0.1.RELEASE\spring-boot-autoconfigure-2.0.1.RELEASE.jar;D:\mavnenRepository\org\springframework\boot\spring-boot-starter-test\2.0.1.RELEASE\spring-boot-starter-test-2.0.1.RELEASE.jar;D:\mavnenRepository\org\springframework\boot\spring-boot-test\2.0.1.RELEASE\spring-boot-test-2.0.1.RELEASE.jar;D:\mavnenRepository\org\springframework\boot\spring-boot-test-autoconfigure\2.0.1.RELEASE\spring-boot-test-autoconfigure-2.0.1.RELEASE.jar;D:\mavnenRepository\com\jayway\jsonpath\json-path\2.4.0\json-path-2.4.0.jar;D:\mavnenRepository\net\minidev\json-smart\2.3\json-smart-2.3.jar;D:\mavnenRepository\net\minidev\accessors-smart\1.2\accessors-smart-1.2.jar;D:\mavnenRepository\org\ow2\asm\asm\5.0.4\asm-5.0.4.jar;D:\mavnenRepository\org\slf4j\slf4j-api\1.7.25\slf4j-api-1.7.25.jar;D:\mavnenRepository\junit\junit\4.12\junit-4.12.jar;D:\mavnenRepository\org\assertj\assertj-core\3.9.1\assertj-core-3.9.1.jar;D:\mavnenRepository\org\mockito\mockito-core\2.15.0\mockito-core-2.15.0.jar;D:\mavnenRepository\net\bytebuddy\byte-buddy\1.7.11\byte-buddy-1.7.11.jar;D:\mavnenRepository\net\bytebuddy\byte-buddy-agent\1.7.11\byte-buddy-agent-1.7.11.jar;D:\mavnenRepository\org\objenesis\objenesis\2.6\objenesis-2.6.jar;D:\mavnenRepository\org\hamcrest\hamcrest-core\1.3\hamcrest-core-1.3.jar;D:\mavnenRepository\org\hamcrest\hamcrest-library\1.3\hamcrest-library-1.3.jar;D:\mavnenRepository\org\skyscreamer\jsonassert\1.5.0\jsonassert-1.5.0.jar;D:\mavnenRepository\com\vaadin\external\google\android-json\0.0.20131108.vaadin1\android-json-0.0.20131108.vaadin1.jar;D:\mavnenRepository\org\springframework\spring-core\5.0.5.RELEASE\spring-core-5.0.5.RELEASE.jar;D:\mavnenRepository\org\springframework\spring-jcl\5.0.5.RELEASE\spring-jcl-5.0.5.RELEASE.jar;D:\mavnenRepository\org\springframework\spring-test\5.0.5.RELEASE\spring-test-5.0.5.RELEASE.jar;D:\mavnenRepository\org\xmlunit\xmlunit-core\2.5.1\xmlunit-core-2.5.1.jar;D:\mavnenRepository\org\springframework\boot\spring-boot-starter-data-jpa\2.1.3.RELEASE\spring-boot-starter-data-jpa-2.1.3.RELEASE.jar;D:\mavnenRepository\org\springframework\boot\spring-boot-starter-jdbc\2.0.1.RELEASE\spring-boot-starter-jdbc-2.0.1.RELEASE.jar;D:\mavnenRepository\com\zaxxer\HikariCP\2.7.8\HikariCP-2.7.8.jar;D:\mavnenRepository\org\springframework\spring-jdbc\5.0.5.RELEASE\spring-jdbc-5.0.5.RELEASE.jar;D:\mavnenRepository\javax\transaction\javax.transaction-api\1.2\javax.transaction-api-1.2.jar;D:\mavnenRepository\javax\xml\bind\jaxb-api\2.3.0\jaxb-api-2.3.0.jar;D:\mavnenRepository\org\hibernate\hibernate-core\5.2.16.Final\hibernate-core-5.2.16.Final.jar;D:\mavnenRepository\org\hibernate\javax\persistence\hibernate-jpa-2.1-api\1.0.0.Final\hibernate-jpa-2.1-api-1.0.0.Final.jar;D:\mavnenRepository\org\javassist\javassist\3.22.0-GA\javassist-3.22.0-GA.jar;D:\mavnenRepository\antlr\antlr\2.7.7\antlr-2.7.7.jar;D:\mavnenRepository\org\jboss\jandex\2.0.3.Final\jandex-2.0.3.Final.jar;D:\mavnenRepository\dom4j\dom4j\1.6.1\dom4j-1.6.1.jar;D:\mavnenRepository\org\hibernate\common\hibernate-commons-annotations\5.0.1.Final\hibernate-commons-annotations-5.0.1.Final.jar;D:\mavnenRepository\org\springframework\data\spring-data-jpa\2.0.6.RELEASE\spring-data-jpa-2.0.6.RELEASE.jar;D:\mavnenRepository\org\springframework\data\spring-data-commons\2.0.6.RELEASE\spring-data-commons-2.0.6.RELEASE.jar;D:\mavnenRepository\org\springframework\spring-orm\5.0.5.RELEASE\spring-orm-5.0.5.RELEASE.jar;D:\mavnenRepository\org\springframework\spring-tx\5.0.5.RELEASE\spring-tx-5.0.5.RELEASE.jar;D:\mavnenRepository\org\springframework\spring-aspects\5.0.5.RELEASE\spring-aspects-5.0.5.RELEASE.jar;D:\mavnenRepository\com\h2database\h2\1.4.197\h2-1.4.197.jar;D:\mavnenRepository\org\projectlombok\lombok\1.16.20\lombok-1.16.20.jar;D:\mavnenRepository\net\coobird\thumbnailator\0.4.8\thumbnailator-0.4.8.jar;D:\mavnenRepository\org\apache\tika\tika-core\1.20\tika-core-1.20.jar;D:\mavnenRepository\org\springframework\boot\spring-boot-starter-aop\2.0.1.RELEASE\spring-boot-starter-aop-2.0.1.RELEASE.jar;D:\mavnenRepository\org\springframework\spring-aop\5.0.5.RELEASE\spring-aop-5.0.5.RELEASE.jar;D:\mavnenRepository\org\aspectj\aspectjweaver\1.8.13\aspectjweaver-1.8.13.jar;D:\mavnenRepository\org\springframework\boot\spring-boot-starter-thymeleaf\2.0.1.RELEASE\spring-boot-starter-thymeleaf-2.0.1.RELEASE.jar;D:\mavnenRepository\org\thymeleaf\thymeleaf-spring5\3.0.9.RELEASE\thymeleaf-spring5-3.0.9.RELEASE.jar;D:\mavnenRepository\org\thymeleaf\thymeleaf\3.0.9.RELEASE\thymeleaf-3.0.9.RELEASE.jar;D:\mavnenRepository\org\attoparser\attoparser\2.0.4.RELEASE\attoparser-2.0.4.RELEASE.jar;D:\mavnenRepository\org\unbescape\unbescape\1.1.5.RELEASE\unbescape-1.1.5.RELEASE.jar;D:\mavnenRepository\org\thymeleaf\extras\thymeleaf-extras-java8time\3.0.1.RELEASE\thymeleaf-extras-java8time-3.0.1.RELEASE.jar;D:\mavnenRepository\org\apache\commons\commons-lang3\3.1\commons-lang3-3.1.jar;D:\mavnenRepository\org\springframework\boot\spring-boot-starter-tomcat\2.0.1.RELEASE\spring-boot-starter-tomcat-2.0.1.RELEASE.jar;D:\mavnenRepository\javax\annotation\javax.annotation-api\1.3.2\javax.annotation-api-1.3.2.jar;D:\mavnenRepository\org\apache\tomcat\embed\tomcat-embed-core\8.5.29\tomcat-embed-core-8.5.29.jar;D:\mavnenRepository\org\apache\tomcat\embed\tomcat-embed-el\8.5.29\tomcat-embed-el-8.5.29.jar;D:\mavnenRepository\org\apache\tomcat\embed\tomcat-embed-websocket\8.5.29\tomcat-embed-websocket-8.5.29.jar;"/>
    <property name="sun.cpu.endian" value="little"/>
    <property name="user.home" value="C:\Users\admin"/>
    <property name="user.language" value="zh"/>
    <property name="java.specification.vendor" value="Oracle Corporation"/>
    <property name="java.home" value="C:\Program Files\Java\jdk1.8.0_161\jre"/>
    <property name="basedir" value="E:\myProject\pfms-master\pfms-master"/>
    <property name="file.separator" value="\"/>
    <property name="line.separator" value="&#10;"/>
    <property name="java.vm.specification.vendor" value="Oracle Corporation"/>
    <property name="java.specification.name" value="Java Platform API Specification"/>
    <property name="java.awt.graphicsenv" value="sun.awt.Win32GraphicsEnvironment"/>
    <property name="surefire.real.class.path" value="C:\Users\admin\AppData\Local\Temp\surefire1158501594687056260\surefirebooter9136815352267985863.jar"/>
    <property name="sun.boot.class.path" value="C:\Program Files\Java\jdk1.8.0_161\jre\lib\resources.jar;C:\Program Files\Java\jdk1.8.0_161\jre\lib\rt.jar;C:\Program Files\Java\jdk1.8.0_161\jre\lib\sunrsasign.jar;C:\Program Files\Java\jdk1.8.0_161\jre\lib\jsse.jar;C:\Program Files\Java\jdk1.8.0_161\jre\lib\jce.jar;C:\Program Files\Java\jdk1.8.0_161\jre\lib\charsets.jar;C:\Program Files\Java\jdk1.8.0_161\jre\lib\jfr.jar;C:\Program Files\Java\jdk1.8.0_161\jre\classes"/>
    <property name="user.script" value=""/>
    <property name="sun.management.compiler" value="HotSpot 64-Bit Tiered Compilers"/>
    <property name="java.runtime.version" value="1.8.0_161-b12"/>
    <property name="user.name" value="admin"/>
    <property name="path.separator" value=";"/>
    <property name="os.version" value="10.0"/>
    <property name="java.endorsed.dirs" value="C:\Program Files\Java\jdk1.8.0_161\jre\lib\endorsed"/>
    <property name="java.runtime.name" value="Java(TM) SE Runtime Environment"/>
    <property name="file.encoding" value="GBK"/>
    <property name="java.vm.name" value="Java HotSpot(TM) 64-Bit Server VM"/>
    <property name="localRepository" value="D:\mavnenRepository"/>
    <property name="java.vendor.url.bug" value="http://bugreport.sun.com/bugreport/"/>
    <property name="java.io.tmpdir" value="C:\Users\admin\AppData\Local\Temp\"/>
    <property name="java.version" value="1.8.0_161"/>
    <property name="user.dir" value="E:\myProject\pfms-master\pfms-master"/>
    <property name="os.arch" value="amd64"/>
    <property name="java.vm.specification.name" value="Java Virtual Machine Specification"/>
    <property name="java.awt.printerjob" value="sun.awt.windows.WPrinterJob"/>
    <property name="idea.version2019.1.3" value="true"/>
    <property name="sun.os.patch.level" value=""/>
    <property name="java.library.path" value="C:\Program Files\Java\jdk1.8.0_161\jre\bin;C:\Windows\Sun\Java\bin;C:\Windows\system32;C:\Windows;C:\Users\admin\AppData\Local\Temp\_ir_sf7_temp_0;C:\Program Files (x86)\Common Files\Oracle\Java\javapath;C:\ProgramData\Oracle\Java\javapath;D:\app\admin\product\11.1.0\db_1\bin;C:\Windows\system32;C:\Windows;C:\Windows\System32\Wbem;C:\Windows\System32\WindowsPowerShell\v1.0\;C:\Windows\System32\OpenSSH\;D:\Program Files\TortoiseSVN\bin;C:\Program Files\MySQL\MySQL Server 5.5\bin;D:\Program Files\nodejs\;E:\myProject\design\HBuilderX.2.8.11.20200907.full\HBuilderX\plugins\launcher\tools\adbs;C:\Users\admin\AppData\Local\Microsoft\WindowsApps;C:\Program Files\dwcom;C:\Users\admin\AppData\Roaming\npm;."/>
    <property name="java.vm.info" value="mixed mode"/>
    <property name="java.vendor" value="Oracle Corporation"/>
    <property name="java.vm.version" value="25.161-b12"/>
    <property name="java.ext.dirs" value="C:\Program Files\Java\jdk1.8.0_161\jre\lib\ext;C:\Windows\Sun\Java\lib\ext"/>
    <property name="sun.io.unicode.encoding" value="UnicodeLittle"/>
    <property name="maven.repo.local" value="D:\mavnenRepository"/>
    <property name="java.class.version" value="52.0"/>
  </properties>
  <testcase name="cn.org.chenxh.Test" classname="cn.org.chenxh.Test" time="0">
    <skipped/>
  </testcase>
</testsuite>